
[DPM] 20120317-19:03:00.349 (DAOFactory.java:82) ERROR - Communications link failure due to underlying exception: 

** BEGIN NESTED EXCEPTION ** 

java.net.ConnectException
MESSAGE: Connection timed out: connect

STACKTRACE:

java.net.ConnectException: Connection timed out: connect
	at java.net.PlainSocketImpl.socketConnect(Native Method)
	at java.net.PlainSocketImpl.doConnect(PlainSocketImpl.java:333)
	at java.net.PlainSocketImpl.connectToAddress(PlainSocketImpl.java:195)
	at java.net.PlainSocketImpl.connect(PlainSocketImpl.java:182)
	at java.net.SocksSocketImpl.connect(SocksSocketImpl.java:366)
	at java.net.Socket.connect(Socket.java:525)
	at java.net.Socket.connect(Socket.java:475)
	at java.net.Socket.<init>(Socket.java:372)
	at java.net.Socket.<init>(Socket.java:215)
	at com.mysql.jdbc.StandardSocketFactory.connect(StandardSocketFactory.java:256)
	at com.mysql.jdbc.MysqlIO.<init>(MysqlIO.java:271)
	at com.mysql.jdbc.Connection.createNewIO(Connection.java:2771)
	at com.mysql.jdbc.Connection.<init>(Connection.java:1555)
	at com.mysql.jdbc.NonRegisteringDriver.connect(NonRegisteringDriver.java:285)
	at java.sql.DriverManager.getConnection(DriverManager.java:582)
	at java.sql.DriverManager.getConnection(DriverManager.java:154)
	at org.logicalcobwebs.proxool.ProxyFactory.buildProxyConnection(ProxyFactory.java:41)
	at org.logicalcobwebs.proxool.Prototyper.buildConnection(Prototyper.java:150)
	at org.logicalcobwebs.proxool.PrototyperController.buildConnection(PrototyperController.java:88)
	at org.logicalcobwebs.proxool.ConnectionPool.getConnection(ConnectionPool.java:222)
	at org.logicalcobwebs.proxool.ProxoolDriver.connect(ProxoolDriver.java:89)
	at java.sql.DriverManager.getConnection(DriverManager.java:582)
	at java.sql.DriverManager.getConnection(DriverManager.java:207)
	at com.inchecktech.dpm.dao.DAOFactory.getPooledConnection(DAOFactory.java:79)
	at com.inchecktech.dpm.dao.DAOFactory.getConnection(DAOFactory.java:40)
	at com.inchecktech.dpm.persistence.PersistBands.getBandsForChannel(PersistBands.java:63)
	at com.inchecktech.dpm.dsp.BandCalculator.getBandOveralls(BandCalculator.java:24)
	at com.inchecktech.dpm.dsp.TestBands.main(TestBands.java:30)


** END NESTED EXCEPTION **



Last packet sent to the server was 1 ms ago.Unable to get pooled connectioncom.mysql.jdbc.CommunicationsException: Communications link failure due to underlying exception: 

** BEGIN NESTED EXCEPTION ** 

java.net.ConnectException
MESSAGE: Connection timed out: connect

STACKTRACE:

java.net.ConnectException: Connection timed out: connect
	at java.net.PlainSocketImpl.socketConnect(Native Method)
	at java.net.PlainSocketImpl.doConnect(PlainSocketImpl.java:333)
	at java.net.PlainSocketImpl.connectToAddress(PlainSocketImpl.java:195)
	at java.net.PlainSocketImpl.connect(PlainSocketImpl.java:182)
	at java.net.SocksSocketImpl.connect(SocksSocketImpl.java:366)
	at java.net.Socket.connect(Socket.java:525)
	at java.net.Socket.connect(Socket.java:475)
	at java.net.Socket.<init>(Socket.java:372)
	at java.net.Socket.<init>(Socket.java:215)
	at com.mysql.jdbc.StandardSocketFactory.connect(StandardSocketFactory.java:256)
	at com.mysql.jdbc.MysqlIO.<init>(MysqlIO.java:271)
	at com.mysql.jdbc.Connection.createNewIO(Connection.java:2771)
	at com.mysql.jdbc.Connection.<init>(Connection.java:1555)
	at com.mysql.jdbc.NonRegisteringDriver.connect(NonRegisteringDriver.java:285)
	at java.sql.DriverManager.getConnection(DriverManager.java:582)
	at java.sql.DriverManager.getConnection(DriverManager.java:154)
	at org.logicalcobwebs.proxool.ProxyFactory.buildProxyConnection(ProxyFactory.java:41)
	at org.logicalcobwebs.proxool.Prototyper.buildConnection(Prototyper.java:150)
	at org.logicalcobwebs.proxool.PrototyperController.buildConnection(PrototyperController.java:88)
	at org.logicalcobwebs.proxool.ConnectionPool.getConnection(ConnectionPool.java:222)
	at org.logicalcobwebs.proxool.ProxoolDriver.connect(ProxoolDriver.java:89)
	at java.sql.DriverManager.getConnection(DriverManager.java:582)
	at java.sql.DriverManager.getConnection(DriverManager.java:207)
	at com.inchecktech.dpm.dao.DAOFactory.getPooledConnection(DAOFactory.java:79)
	at com.inchecktech.dpm.dao.DAOFactory.getConnection(DAOFactory.java:40)
	at com.inchecktech.dpm.persistence.PersistBands.getBandsForChannel(PersistBands.java:63)
	at com.inchecktech.dpm.dsp.BandCalculator.getBandOveralls(BandCalculator.java:24)
	at com.inchecktech.dpm.dsp.TestBands.main(TestBands.java:30)


** END NESTED EXCEPTION **



Last packet sent to the server was 1 ms ago.
	at com.mysql.jdbc.Connection.createNewIO(Connection.java:2847)
	at com.mysql.jdbc.Connection.<init>(Connection.java:1555)
	at com.mysql.jdbc.NonRegisteringDriver.connect(NonRegisteringDriver.java:285)
	at java.sql.DriverManager.getConnection(DriverManager.java:582)
	at java.sql.DriverManager.getConnection(DriverManager.java:154)
	at org.logicalcobwebs.proxool.ProxyFactory.buildProxyConnection(ProxyFactory.java:41)
	at org.logicalcobwebs.proxool.Prototyper.buildConnection(Prototyper.java:150)
	at org.logicalcobwebs.proxool.PrototyperController.buildConnection(PrototyperController.java:88)
	at org.logicalcobwebs.proxool.ConnectionPool.getConnection(ConnectionPool.java:222)
	at org.logicalcobwebs.proxool.ProxoolDriver.connect(ProxoolDriver.java:89)
	at java.sql.DriverManager.getConnection(DriverManager.java:582)
	at java.sql.DriverManager.getConnection(DriverManager.java:207)
	at com.inchecktech.dpm.dao.DAOFactory.getPooledConnection(DAOFactory.java:79)
	at com.inchecktech.dpm.dao.DAOFactory.getConnection(DAOFactory.java:40)
	at com.inchecktech.dpm.persistence.PersistBands.getBandsForChannel(PersistBands.java:63)
	at com.inchecktech.dpm.dsp.BandCalculator.getBandOveralls(BandCalculator.java:24)
	at com.inchecktech.dpm.dsp.TestBands.main(TestBands.java:30)
