06/19 21:46:06 ERROR java.io.FileNotFoundException: File not found: /opt/apps/lcds/tomcat/webapps/fx/UI.InCheck.mxml
	at flex.webtier.server.j2ee.PathValidator.checkFileExists(PathValidator.java:38)
	at flex.webtier.server.j2ee.PathExistsFilter.invoke(PathExistsFilter.java:33)
	at flex.webtier.server.j2ee.MxmlServlet.doGet(MxmlServlet.java:163)
	at javax.servlet.http.HttpServlet.service(HttpServlet.java:690)
	at javax.servlet.http.HttpServlet.service(HttpServlet.java:803)
	at flex.bootstrap.BootstrapServlet.service(BootstrapServlet.java:114)
	at org.apache.catalina.core.ApplicationFilterChain.internalDoFilter(ApplicationFilterChain.java:290)
	at org.apache.catalina.core.ApplicationFilterChain.doFilter(ApplicationFilterChain.java:206)
	at org.apache.catalina.core.StandardWrapperValve.invoke(StandardWrapperValve.java:233)
	at org.apache.catalina.core.StandardContextValve.invoke(StandardContextValve.java:175)
	at org.apache.catalina.core.StandardHostValve.invoke(StandardHostValve.java:128)
	at org.apache.catalina.valves.ErrorReportValve.invoke(ErrorReportValve.java:102)
	at org.apache.catalina.core.StandardEngineValve.invoke(StandardEngineValve.java:109)
	at org.apache.catalina.connector.CoyoteAdapter.service(CoyoteAdapter.java:263)
	at org.apache.coyote.http11.Http11Processor.process(Http11Processor.java:844)
	at org.apache.coyote.http11.Http11Protocol$Http11ConnectionHandler.process(Http11Protocol.java:584)
	at org.apache.tomcat.util.net.JIoEndpoint$Worker.run(JIoEndpoint.java:447)
	at java.lang.Thread.run(Thread.java:619)

06/24 19:57:11 INFO [cache] No existing dependency information.
06/24 20:03:38 INFO [cache] No existing dependency information.
06/24 21:48:12 INFO [cache] No existing dependency information.
06/24 22:22:24 INFO [cache] No existing dependency information.
06/24 22:25:33 INFO [cache] No existing dependency information.
06/24 22:29:57 INFO [cache] No existing dependency information.
06/24 22:47:39 INFO [cache] No existing dependency information.
06/24 23:45:54 INFO [cache] No existing dependency information.
06/24 23:51:31 INFO [cache] No existing dependency information.
06/25 00:05:21 INFO [cache] No existing dependency information.
06/25 00:37:55 INFO [cache] No existing dependency information.
06/25 00:58:57 INFO [cache] No existing dependency information.
06/26 07:41:42 ERROR java.io.FileNotFoundException: File not found: /opt/apps/lcds/tomcat/webapps/fx/UI/Incheck.mxml
	at flex.webtier.server.j2ee.PathValidator.checkFileExists(PathValidator.java:38)
	at flex.webtier.server.j2ee.PathExistsFilter.invoke(PathExistsFilter.java:33)
	at flex.webtier.server.j2ee.MxmlServlet.doGet(MxmlServlet.java:163)
	at javax.servlet.http.HttpServlet.service(HttpServlet.java:718)
	at javax.servlet.http.HttpServlet.service(HttpServlet.java:831)
	at flex.bootstrap.BootstrapServlet.service(BootstrapServlet.java:114)
	at org.apache.catalina.core.ApplicationFilterChain.internalDoFilter(ApplicationFilterChain.java:290)
	at org.apache.catalina.core.ApplicationFilterChain.doFilter(ApplicationFilterChain.java:206)
	at org.apache.catalina.core.StandardWrapperValve.invoke(StandardWrapperValve.java:233)
	at org.apache.catalina.core.StandardContextValve.invoke(StandardContextValve.java:175)
	at org.apache.catalina.core.StandardHostValve.invoke(StandardHostValve.java:128)
	at org.apache.catalina.valves.ErrorReportValve.invoke(ErrorReportValve.java:102)
	at org.apache.catalina.core.StandardEngineValve.invoke(StandardEngineValve.java:109)
	at org.apache.catalina.connector.CoyoteAdapter.service(CoyoteAdapter.java:263)
	at org.apache.coyote.http11.Http11Processor.process(Http11Processor.java:844)
	at org.apache.coyote.http11.Http11Protocol$Http11ConnectionHandler.process(Http11Protocol.java:584)
	at org.apache.tomcat.util.net.JIoEndpoint$Worker.run(JIoEndpoint.java:447)
	at java.lang.Thread.run(Thread.java:619)

06/29 10:48:46 INFO [cache] No existing dependency information.
06/29 11:34:48 INFO [cache] No existing dependency information.
06/29 12:04:03 INFO [cache] No existing dependency information.
06/29 12:13:57 INFO [cache] No existing dependency information.
06/29 12:47:52 INFO [cache] No existing dependency information.
06/29 13:16:12 INFO [cache] No existing dependency information.
06/30 13:17:10 INFO [cache] No existing dependency information.
06/30 13:19:28 INFO [cache] No existing dependency information.
06/30 13:21:04 INFO [cache] No existing dependency information.
06/30 13:57:42 INFO [cache] No existing dependency information.
06/30 14:03:37 INFO [cache] No existing dependency information.
06/30 21:58:53 INFO [cache] No existing dependency information.
06/30 22:14:17 INFO [cache] No existing dependency information.
06/30 22:20:41 INFO [cache] No existing dependency information.
06/30 22:36:57 INFO [cache] No existing dependency information.
06/30 22:44:09 INFO [cache] No existing dependency information.
06/30 23:18:14 INFO [cache] No existing dependency information.
06/30 23:30:14 INFO [cache] No existing dependency information.
07/01 00:54:50 INFO [cache] No existing dependency information.
07/01 07:35:34 INFO [cache] No existing dependency information.
07/01 07:38:58 INFO [cache] No existing dependency information.
07/01 09:34:07 INFO [cache] No existing dependency information.
07/01 22:12:19 INFO [cache] No existing dependency information.
07/01 22:15:50 INFO [cache] No existing dependency information.
07/01 22:18:12 INFO [cache] No existing dependency information.
07/01 22:40:09 INFO [cache] No existing dependency information.
07/01 22:45:23 INFO [cache] No existing dependency information.
07/01 22:52:54 INFO [cache] No existing dependency information.
07/01 23:10:00 INFO [cache] No existing dependency information.
07/01 23:22:06 INFO [cache] No existing dependency information.
07/02 15:43:31 INFO [cache] No existing dependency information.
07/02 16:39:48 INFO [cache] No existing dependency information.
07/02 20:19:43 INFO [cache] No existing dependency information.
07/03 21:39:08 INFO [cache] No existing dependency information.
07/03 22:00:31 INFO [cache] No existing dependency information.
07/07 20:46:39 INFO [cache] No existing dependency information.
07/07 23:56:33 INFO [cache] No existing dependency information.
07/07 23:59:14 INFO [cache] No existing dependency information.
07/08 00:02:13 INFO [cache] No existing dependency information.
07/08 00:03:38 INFO [cache] No existing dependency information.
07/08 00:04:32 INFO [cache] No existing dependency information.
07/08 00:08:09 INFO [cache] No existing dependency information.
07/08 00:12:59 INFO [cache] No existing dependency information.
07/08 00:14:22 INFO [cache] No existing dependency information.
07/08 00:19:10 INFO [cache] No existing dependency information.
07/08 00:25:29 INFO [cache] No existing dependency information.
07/08 01:14:44 INFO [cache] No existing dependency information.
07/08 07:37:33 INFO [cache] No existing dependency information.
07/08 21:05:34 INFO [cache] No existing dependency information.
07/08 21:19:42 INFO [cache] No existing dependency information.
07/08 21:54:02 INFO [cache] No existing dependency information.
07/09 21:02:24 INFO [cache] No existing dependency information.
07/09 21:22:22 INFO [cache] No existing dependency information.
07/09 21:57:47 INFO [cache] No existing dependency information.
07/09 22:03:00 INFO [cache] No existing dependency information.
07/10 22:43:40 INFO [cache] No existing dependency information.
07/12 14:17:53 INFO [cache] No existing dependency information.
07/12 14:28:24 INFO [cache] No existing dependency information.
07/13 13:06:06 INFO [cache] No existing dependency information.
07/13 13:07:24 INFO [cache] No existing dependency information.
07/13 16:03:53 INFO [cache] No existing dependency information.
07/13 17:15:34 INFO [cache] No existing dependency information.
07/13 17:43:49 INFO [cache] No existing dependency information.
07/13 17:50:06 INFO [cache] No existing dependency information.
07/13 18:16:51 INFO [cache] No existing dependency information.
07/14 22:27:47 INFO [cache] No existing dependency information.
07/14 22:56:24 INFO [cache] No existing dependency information.
07/14 23:09:31 INFO [cache] No existing dependency information.
07/15 21:32:17 INFO [cache] No existing dependency information.
07/15 22:12:01 INFO [cache] No existing dependency information.
07/16 18:41:58 INFO [cache] No existing dependency information.
07/16 22:52:24 INFO [cache] No existing dependency information.
07/17 13:54:59 INFO [cache] No existing dependency information.
07/17 14:43:31 INFO [cache] No existing dependency information.
07/17 20:22:15 INFO [cache] No existing dependency information.
07/17 21:07:02 INFO [cache] No existing dependency information.
07/17 21:19:24 INFO [cache] No existing dependency information.
07/17 21:29:48 INFO [cache] No existing dependency information.
07/19 14:06:30 INFO [cache] No existing dependency information.
07/19 14:52:59 INFO [cache] No existing dependency information.
07/22 13:43:16 INFO [cache] No existing dependency information.
07/22 13:56:44 INFO [cache] No existing dependency information.
07/22 14:06:59 INFO [cache] No existing dependency information.
07/22 14:28:03 INFO [cache] No existing dependency information.
07/22 14:48:25 INFO [cache] No existing dependency information.
07/22 20:46:53 INFO [cache] No existing dependency information.
07/22 21:02:56 INFO [cache] No existing dependency information.
07/22 21:05:50 INFO [cache] No existing dependency information.
07/23 14:32:21 INFO [cache] No existing dependency information.
07/23 21:23:53 INFO [cache] No existing dependency information.
07/23 22:36:20 INFO [cache] No existing dependency information.
07/24 00:57:38 INFO [cache] No existing dependency information.
07/24 18:09:49 INFO [cache] No existing dependency information.
07/24 21:18:50 INFO [cache] No existing dependency information.
07/25 07:31:19 INFO [cache] No existing dependency information.
07/25 10:02:08 INFO [cache] No existing dependency information.
07/26 17:33:17 INFO [cache] No existing dependency information.
07/27 13:37:29 INFO [cache] No existing dependency information.
07/27 23:56:55 INFO [cache] No existing dependency information.
07/28 19:47:30 INFO [cache] No existing dependency information.
07/28 20:48:19 INFO [cache] No existing dependency information.
07/28 20:55:32 INFO [cache] No existing dependency information.
07/28 21:29:08 INFO [cache] No existing dependency information.
07/28 23:02:47 INFO [cache] No existing dependency information.
07/28 23:04:00 INFO [cache] No existing dependency information.
07/29 00:01:47 INFO [cache] No existing dependency information.
07/29 00:06:45 INFO [cache] No existing dependency information.
07/29 00:40:40 INFO [cache] No existing dependency information.
07/29 01:16:40 INFO [cache] No existing dependency information.
07/29 01:17:38 INFO [cache] No existing dependency information.
07/29 07:30:52 INFO [cache] No existing dependency information.
07/29 14:09:57 INFO [cache] No existing dependency information.
07/29 15:03:27 INFO [cache] No existing dependency information.
07/29 15:10:57 INFO [cache] No existing dependency information.
07/29 15:15:44 INFO [cache] No existing dependency information.
07/29 15:47:42 INFO [cache] No existing dependency information.
07/29 15:47:50 INFO [cache] No existing dependency information.
07/29 15:47:58 INFO [cache] No existing dependency information.
07/29 21:54:44 INFO [cache] No existing dependency information.
07/30 08:01:27 INFO [cache] No existing dependency information.
07/30 08:36:01 INFO [cache] No existing dependency information.
07/30 08:44:17 INFO [cache] No existing dependency information.
07/30 14:58:46 INFO [cache] No existing dependency information.
07/30 15:18:43 INFO [cache] No existing dependency information.
07/30 21:30:22 INFO [cache] No existing dependency information.
07/31 21:01:37 INFO [cache] No existing dependency information.
08/01 10:08:55 INFO [cache] No existing dependency information.
08/01 14:43:54 INFO [cache] No existing dependency information.
08/01 17:44:44 INFO [cache] No existing dependency information.
08/02 13:48:27 INFO [cache] No existing dependency information.
08/02 13:52:08 INFO [cache] No existing dependency information.
08/02 14:43:15 INFO [cache] No existing dependency information.
08/02 15:23:15 INFO [cache] No existing dependency information.
08/02 17:37:38 INFO [cache] No existing dependency information.
08/03 10:45:55 INFO [cache] No existing dependency information.
08/10 12:42:33 INFO [cache] No existing dependency information.
08/10 16:15:09 INFO [cache] No existing dependency information.
08/10 16:50:27 INFO [cache] No existing dependency information.
08/10 23:10:27 INFO [cache] No existing dependency information.
08/19 00:12:36 INFO [cache] No existing dependency information.
08/27 17:53:41 INFO [cache] No existing dependency information.
08/29 22:31:06 INFO [cache] No existing dependency information.
08/29 22:44:02 INFO [cache] No existing dependency information.
09/02 12:39:18 INFO [cache] No existing dependency information.
09/04 19:53:19 INFO [cache] No existing dependency information.
09/06 12:42:27 INFO [cache] No existing dependency information.
09/07 15:40:09 INFO [cache] No existing dependency information.
09/07 11:35:56 INFO [cache] No existing dependency information.
09/07 13:10:29 INFO [cache] No existing dependency information.
09/08 21:02:59 INFO [cache] No existing dependency information.
09/08 21:48:50 INFO [cache] No existing dependency information.
09/23 21:38:43 INFO [cache] No existing dependency information.
09/26 14:04:08 INFO [cache] No existing dependency information.
09/27 19:18:06 INFO [cache] No existing dependency information.
09/27 19:39:18 INFO [cache] No existing dependency information.
09/27 20:38:59 INFO [cache] No existing dependency information.
09/27 22:22:35 INFO [cache] No existing dependency information.
09/28 18:35:31 INFO [cache] No existing dependency information.
09/29 22:58:36 INFO [cache] No existing dependency information.
09/30 22:22:29 INFO [cache] No existing dependency information.
09/30 23:43:50 INFO [cache] No existing dependency information.
09/30 23:50:51 INFO [cache] No existing dependency information.
10/01 00:15:25 INFO [cache] No existing dependency information.
10/01 00:29:44 INFO [cache] No existing dependency information.
10/02 22:26:42 INFO [cache] No existing dependency information.
10/02 23:44:09 INFO [cache] No existing dependency information.
10/06 21:37:40 INFO [cache] No existing dependency information.
10/07 22:12:58 INFO [cache] No existing dependency information.
10/07 22:15:50 INFO [cache] No existing dependency information.
10/07 22:23:33 INFO [cache] No existing dependency information.
10/07 22:51:21 INFO [cache] No existing dependency information.
10/13 12:08:06 INFO [cache] No existing dependency information.
10/27 10:19:42 INFO [cache] No existing dependency information.
10/27 23:31:45 INFO [cache] No existing dependency information.
04/21 22:05:54 INFO [cache] No existing dependency information.
04/26 21:22:00 INFO [cache] No existing dependency information.
04/26 21:32:45 INFO [cache] No existing dependency information.
04/26 21:48:57 INFO [cache] No existing dependency information.
04/26 21:54:44 INFO [cache] No existing dependency information.
04/27 19:52:54 INFO [cache] No existing dependency information.
04/27 20:08:34 INFO [cache] No existing dependency information.
05/05 21:21:34 INFO [cache] No existing dependency information.
05/05 22:30:41 INFO [cache] No existing dependency information.
05/16 09:05:40 INFO [cache] No existing dependency information.
05/17 11:42:43 INFO [cache] No existing dependency information.
05/22 21:49:29 INFO [cache] No existing dependency information.
05/22 22:28:21 INFO [cache] No existing dependency information.
05/31 22:50:26 INFO [cache] No existing dependency information.
06/11 10:21:27 INFO [cache] No existing dependency information.
06/11 11:00:21 INFO [cache] No existing dependency information.
06/14 23:24:55 INFO [cache] No existing dependency information.
06/22 23:08:51 INFO [cache] No existing dependency information.
06/23 11:16:41 INFO [cache] No existing dependency information.
07/01 13:13:47 INFO [cache] No existing dependency information.
07/01 21:56:49 INFO [cache] No existing dependency information.
07/01 22:49:12 INFO [cache] No existing dependency information.
07/05 10:00:37 INFO [cache] No existing dependency information.
07/10 15:12:23 INFO [cache] No existing dependency information.
07/14 23:19:16 INFO [cache] No existing dependency information.
07/16 09:24:19 INFO [cache] No existing dependency information.
07/23 14:41:18 INFO [cache] No existing dependency information.
07/29 12:54:14 INFO [cache] No existing dependency information.
08/04 10:52:04 INFO [cache] No existing dependency information.
08/19 21:43:50 INFO [cache] No existing dependency information.
08/21 11:54:10 INFO [cache] No existing dependency information.
08/22 14:17:54 INFO [cache] No existing dependency information.
08/23 11:08:46 INFO [cache] No existing dependency information.
08/23 12:34:45 INFO [cache] No existing dependency information.
08/23 12:41:30 INFO [cache] No existing dependency information.
08/23 12:59:44 INFO [cache] No existing dependency information.
08/23 13:12:51 INFO [cache] No existing dependency information.
08/24 15:40:44 INFO [cache] No existing dependency information.
08/25 12:08:51 INFO [cache] No existing dependency information.
09/09 18:15:26 INFO [cache] No existing dependency information.
09/12 15:06:53 INFO [cache] No existing dependency information.
09/12 15:53:54 INFO [cache] No existing dependency information.
09/22 19:26:49 INFO [cache] No existing dependency information.
09/23 21:01:24 INFO [cache] No existing dependency information.
10/03 20:23:45 INFO [cache] No existing dependency information.
10/03 20:58:15 INFO [cache] No existing dependency information.
10/03 21:22:58 INFO [cache] No existing dependency information.
10/03 22:37:06 INFO [cache] No existing dependency information.
10/03 22:42:29 INFO [cache] No existing dependency information.
10/04 16:57:43 INFO [cache] No existing dependency information.
10/07 19:35:20 INFO [cache] No existing dependency information.
10/07 19:49:18 INFO [cache] No existing dependency information.
10/14 16:46:49 INFO [cache] No existing dependency information.
10/14 23:22:19 INFO [cache] No existing dependency information.
10/14 23:48:12 INFO [cache] No existing dependency information.
10/15 16:47:27 INFO [cache] No existing dependency information.
10/19 23:12:05 INFO [cache] No existing dependency information.
10/24 17:24:54 INFO [cache] No existing dependency information.
10/25 12:19:55 INFO [cache] No existing dependency information.
10/25 12:42:49 INFO [cache] No existing dependency information.
10/26 23:02:10 INFO [cache] No existing dependency information.
10/26 23:15:00 INFO [cache] No existing dependency information.
10/27 11:42:35 INFO [cache] No existing dependency information.
11/02 16:36:32 INFO [cache] No existing dependency information.
11/07 17:06:39 INFO [cache] No existing dependency information.
11/11 00:21:50 INFO [cache] No existing dependency information.
11/15 00:24:07 INFO [cache] No existing dependency information.
12/10 00:59:54 INFO [cache] No existing dependency information.
12/19 19:59:39 INFO [cache] No existing dependency information.
12/20 17:39:31 INFO [cache] No existing dependency information.
12/20 17:43:22 INFO [cache] No existing dependency information.
12/20 18:24:24 INFO [cache] No existing dependency information.
12/20 18:25:55 INFO [cache] No existing dependency information.
12/21 23:20:41 INFO [cache] No existing dependency information.
12/22 10:21:19 INFO [cache] No existing dependency information.
12/24 00:36:00 INFO [cache] No existing dependency information.
12/24 14:36:00 INFO [cache] No existing dependency information.
12/24 14:59:10 INFO [cache] No existing dependency information.
12/25 21:21:04 INFO [cache] No existing dependency information.
12/26 19:52:11 INFO [cache] No existing dependency information.
12/26 20:48:40 INFO [cache] No existing dependency information.
12/27 17:25:55 INFO [cache] No existing dependency information.
12/27 17:27:13 INFO [cache] No existing dependency information.
12/27 17:37:42 INFO [cache] No existing dependency information.
12/27 20:15:15 INFO [cache] No existing dependency information.
12/27 21:27:31 INFO [cache] No existing dependency information.
12/29 22:26:23 INFO [cache] No existing dependency information.
01/10 13:34:01 INFO [cache] No existing dependency information.
01/12 21:54:00 INFO [cache] No existing dependency information.
01/12 23:11:20 INFO [cache] No existing dependency information.
01/14 23:51:07 INFO [cache] No existing dependency information.
01/18 23:08:47 INFO [cache] No existing dependency information.
01/31 11:18:54 INFO [cache] No existing dependency information.
02/11 10:52:49 INFO [cache] No existing dependency information.
02/11 12:29:48 INFO [cache] No existing dependency information.
02/13 15:55:50 INFO [cache] No existing dependency information.
02/13 16:01:04 INFO [cache] No existing dependency information.
02/13 16:20:42 INFO [cache] No existing dependency information.
02/13 16:24:42 INFO [cache] No existing dependency information.
02/13 16:37:20 INFO [cache] No existing dependency information.
02/13 21:59:22 INFO [cache] No existing dependency information.
02/15 13:58:58 INFO [cache] No existing dependency information.
02/16 11:37:12 INFO [cache] No existing dependency information.
02/17 11:07:05 INFO [cache] No existing dependency information.
02/19 21:06:09 INFO [cache] No existing dependency information.
