%A (%F %L,%C)
%E %A Error:
01 %E Undefined name -> %N
02 %E Modules not allowed here
03 %E Procedure %N in wrong segment for a near call
04 %E Not a type
05 %E Illegal set type
06 %E %N Used as type
07 %E %N Not allowed as index type
08 %E Reals not allowed as subtype
09 %E Type mismatch in subtype
10 %E Not correct Type
11 %E Bad range
12 %E Expression must be Boolean
13 %E Expression must be Constant
14 %E Type conflict
15 %E Constant allocation error; 64K limit exceeded
16 %E Constant out of range
17 %E Incompatible (or illegal) types in expression
18 %E Expression must be Cardinal
19 %E Absolute variables not allowed in procedures
20 %E This is a Function procedure
21 %E Not a label
22 %E Label must be local
23 %E Label redefined
24 %E This is not a Function procedure
25 %E Wrong type of Function Return
26 %E Types not allowed here
27 %E Illegal assignment (Incompatible Types)
28 %E Loop variable not right type
29 %E Expression not right type
30 %E Not a set
31 %E Parameters expected
32 %E This is not a procedure
33 %E This is not a function
34 %E Record expected
35 %E Pointer expected
36 %E Must be compatible with CARDINAL
37 %E Pointer type expected
38 %E Index not correct type
39 %E Array expected
40 %E Index out of Range
41 %E Record field not found
42 %E Parameter not correct type
43 %E (DE)ALLOCATE NOT IMPORTED
44 %E Not an Open Array parameter
45 %E Parameter must be a lvalue
46 %E Too many parameters
47 %E Variable expected
48 %E Case expression not correct type
49 %E Invalid type of Case label
50 %E Overlapping cases
51 %E Must be cardinal constant
52 %E Procedure does not match previous definition
53 %E Exit without loop
54 %E Module name mismatch
55 %E Procedure redefined
56 %E Undefined label %N
57 %E No return in function-procedure
58 %E Procedure name mismatch
59 %E No statement-part of main module
60 %E %N Redefined
61 %E %N Circular definition
62 %E %N is not a module or %N is undefined
63 %E Imported module definition name wrong : %N
64 %E Definition Module expected
65 %E Aggregates only allowed for records and arrays
66 %E %N Is an unresolved forward procedure
67 %E Division by zero
68 %E %N Is an unresolved opaque type
69 %E %N Is an unresolved forward pointer
70 %E Constant has no address
71 %E Allocated storage in this data-segment > 64K
72 %E Allocated storage on stack > 64K
73 %E Object too Big
74 %E Record size too big, sum of recordfields > 64K
75 %E invalid infix call (parameter count # 2)
76 %E Definition/Implementation segments are different
77 %E Size of %N not defined yet
78 %E File name does not conform with module name
79 %E Invalid argument to VSIZE
80 %Y Token too big
81 %Y Unknown compiler option
82 %Y Bad character in hex constant
83 %Y Bad character in octal constant
84 %Y Bad character in decimal constant
85 %Y String not terminated
86 %Y Comment not terminated
87 %Y Bad character
88 %Y Token too long
89 %Y Incomplete compiler option
90 %Y Symbol not a boolean constant
91 %Y Symbol not defined
98 %A Unexpected end of input
99 %A Syntax Error, expected :
%I %A Internal Error :
%X %A Compiler Limit :
100 %I Walk in InsRecordnames
101 %I RecordFieldsAdjust
102 %I Index
103 %I Index2
104 %X 8087 Stack Overflow
105 %I TreePhase in Int2Error
106 %X Too many cases in CASE statement
107 %X Out of memory
108 %X Out of memory(2)
109 %I Scope underrun in DropScope
110 %I Addr mode difference
111 %X Scope table full
112 %X Name table full
113 %I MakeWith
114 %X Scope overflow
115 %X 64K memory limit exceeded
116 %X 64K segment limit exceeded
120 %A File "%N" not found
121 File "%N" could not be created
%Z File system error %N
122 %Z : Read
123 %Z : Write
124 %Z : Close
125 %Z : Seek
126 %Z : Erase
127 Too many open files
130 File write error : Disk full
131 Compilation aborted due to error(s) in definition module